{"contracts/BarinStaking.sol":{"l":{"70":31,"71":31,"72":31,"73":31,"75":31,"76":31,"78":31,"79":31,"80":31,"93":29,"103":29,"104":29,"113":5,"114":4,"116":4,"117":4,"118":4,"119":4,"120":4,"125":20,"126":20,"127":19,"131":18,"133":18,"134":18,"135":2,"136":2,"137":2,"138":2,"142":18,"144":18,"145":18,"146":18,"148":18,"149":18,"153":6,"154":6,"155":6,"156":4,"158":4,"160":4,"161":4,"163":2,"164":2,"167":4,"168":4,"169":4,"171":4,"172":4,"173":0,"176":4,"177":2,"178":2,"181":4,"185":4,"186":4,"187":4,"189":2,"190":2,"191":2,"193":2,"195":2,"200":26,"201":26,"202":26,"203":18,"204":18,"206":8,"207":8,"208":8,"209":8,"214":3,"215":3,"217":3,"218":3,"219":2,"220":2,"221":2,"223":3,"227":1,"231":2,"235":1,"236":1,"241":1,"245":1},"path":"/home/incredible/Projects/Barin/Barin-Contracts/contracts/BarinStaking.sol","s":{"1":31,"2":31,"3":31,"4":31,"5":31,"6":31,"7":29,"8":5,"9":4,"10":4,"11":4,"12":20,"13":20,"14":19,"15":18,"16":18,"17":18,"18":2,"19":2,"20":2,"21":2,"22":18,"23":18,"24":6,"25":6,"26":6,"27":4,"28":4,"29":4,"30":4,"31":4,"32":4,"33":0,"34":4,"35":2,"36":2,"37":4,"38":4,"39":4,"40":4,"41":2,"42":2,"43":26,"44":26,"45":0,"46":26,"47":18,"48":8,"49":8,"50":3,"51":3,"52":3,"53":3,"54":2,"55":2,"56":3,"57":1,"58":2,"59":1,"60":1,"61":1,"62":1},"b":{"1":[31,1],"2":[0,0],"3":[29,1],"4":[5,0],"5":[4,1],"6":[21,0],"7":[20,1],"8":[19,1],"9":[18,1],"10":[2,16],"11":[2,0],"12":[6,0],"13":[4,2],"14":[2,2],"15":[0,4],"16":[2,2],"17":[4,0],"18":[4,0],"19":[2,2],"20":[0,26],"21":[18,8],"22":[2,1],"23":[1,1],"24":[1,1]},"f":{"1":31,"2":0,"3":29,"4":5,"5":20,"6":6,"7":4,"8":26,"9":3,"10":1,"11":2,"12":1,"13":1,"14":1},"fnMap":{"1":{"name":"initialize","line":69,"loc":{"start":{"line":64,"column":4},"end":{"line":81,"column":4}}},"2":{"name":"_authorizeUpgrade","line":84,"loc":{"start":{"line":84,"column":4},"end":{"line":84,"column":88}}},"3":{"name":"addPool","line":92,"loc":{"start":{"line":87,"column":4},"end":{"line":105,"column":4}}},"4":{"name":"updatePool","line":112,"loc":{"start":{"line":107,"column":4},"end":{"line":121,"column":4}}},"5":{"name":"stake","line":124,"loc":{"start":{"line":124,"column":4},"end":{"line":150,"column":4}}},"6":{"name":"withdraw","line":152,"loc":{"start":{"line":152,"column":4},"end":{"line":182,"column":4}}},"7":{"name":"emergencyWithdraw","line":184,"loc":{"start":{"line":184,"column":4},"end":{"line":196,"column":4}}},"8":{"name":"_updatePool","line":199,"loc":{"start":{"line":199,"column":4},"end":{"line":210,"column":4}}},"9":{"name":"pendingRewards","line":213,"loc":{"start":{"line":213,"column":4},"end":{"line":224,"column":4}}},"10":{"name":"getTVL","line":226,"loc":{"start":{"line":226,"column":4},"end":{"line":228,"column":4}}},"11":{"name":"getUnlockTime","line":230,"loc":{"start":{"line":230,"column":4},"end":{"line":232,"column":4}}},"12":{"name":"previewPenalty","line":234,"loc":{"start":{"line":234,"column":4},"end":{"line":237,"column":4}}},"13":{"name":"pause","line":240,"loc":{"start":{"line":240,"column":4},"end":{"line":242,"column":4}}},"14":{"name":"unpause","line":244,"loc":{"start":{"line":244,"column":4},"end":{"line":246,"column":4}}}},"statementMap":{"1":{"start":{"line":70,"column":8},"end":{"line":70,"column":29}},"2":{"start":{"line":71,"column":8},"end":{"line":71,"column":31}},"3":{"start":{"line":72,"column":8},"end":{"line":72,"column":24}},"4":{"start":{"line":73,"column":8},"end":{"line":73,"column":31}},"5":{"start":{"line":78,"column":8},"end":{"line":78,"column":45}},"6":{"start":{"line":79,"column":8},"end":{"line":79,"column":37}},"7":{"start":{"line":103,"column":8},"end":{"line":103,"column":47}},"8":{"start":{"line":113,"column":8},"end":{"line":113,"column":54}},"9":{"start":{"line":114,"column":8},"end":{"line":114,"column":26}},"10":{"start":{"line":116,"column":8},"end":{"line":116,"column":38}},"11":{"start":{"line":120,"column":8},"end":{"line":120,"column":46}},"12":{"start":{"line":125,"column":8},"end":{"line":125,"column":38}},"13":{"start":{"line":126,"column":8},"end":{"line":126,"column":40}},"14":{"start":{"line":127,"column":8},"end":{"line":127,"column":55}},"15":{"start":{"line":131,"column":8},"end":{"line":131,"column":26}},"16":{"start":{"line":133,"column":8},"end":{"line":133,"column":52}},"17":{"start":{"line":134,"column":8},"end":{"line":134,"column":4592}},"18":{"start":{"line":135,"column":12},"end":{"line":135,"column":90}},"19":{"start":{"line":136,"column":12},"end":{"line":136,"column":4720}},"20":{"start":{"line":137,"column":16},"end":{"line":137,"column":56}},"21":{"start":{"line":138,"column":16},"end":{"line":138,"column":63}},"22":{"start":{"line":142,"column":8},"end":{"line":142,"column":67}},"23":{"start":{"line":149,"column":8},"end":{"line":149,"column":47}},"24":{"start":{"line":153,"column":8},"end":{"line":153,"column":52}},"25":{"start":{"line":154,"column":8},"end":{"line":154,"column":38}},"26":{"start":{"line":155,"column":8},"end":{"line":155,"column":55}},"27":{"start":{"line":156,"column":8},"end":{"line":156,"column":26}},"28":{"start":{"line":158,"column":8},"end":{"line":158,"column":86}},"29":{"start":{"line":160,"column":8},"end":{"line":160,"column":23}},"30":{"start":{"line":161,"column":8},"end":{"line":161,"column":5559}},"31":{"start":{"line":171,"column":8},"end":{"line":171,"column":58}},"32":{"start":{"line":172,"column":8},"end":{"line":172,"column":6022}},"33":{"start":{"line":173,"column":12},"end":{"line":173,"column":51}},"34":{"start":{"line":176,"column":8},"end":{"line":176,"column":6126}},"35":{"start":{"line":177,"column":12},"end":{"line":177,"column":52}},"36":{"start":{"line":178,"column":12},"end":{"line":178,"column":59}},"37":{"start":{"line":181,"column":8},"end":{"line":181,"column":59}},"38":{"start":{"line":185,"column":8},"end":{"line":185,"column":46}},"39":{"start":{"line":186,"column":8},"end":{"line":186,"column":33}},"40":{"start":{"line":187,"column":8},"end":{"line":187,"column":44}},"41":{"start":{"line":193,"column":8},"end":{"line":193,"column":42}},"42":{"start":{"line":195,"column":8},"end":{"line":195,"column":52}},"43":{"start":{"line":200,"column":8},"end":{"line":200,"column":38}},"44":{"start":{"line":201,"column":8},"end":{"line":201,"column":55}},"45":{"start":{"line":201,"column":49},"end":{"line":201,"column":55}},"46":{"start":{"line":202,"column":8},"end":{"line":202,"column":6999}},"47":{"start":{"line":204,"column":12},"end":{"line":204,"column":18}},"48":{"start":{"line":206,"column":8},"end":{"line":206,"column":61}},"49":{"start":{"line":207,"column":8},"end":{"line":207,"column":50}},"50":{"start":{"line":214,"column":8},"end":{"line":214,"column":38}},"51":{"start":{"line":215,"column":8},"end":{"line":215,"column":46}},"52":{"start":{"line":217,"column":8},"end":{"line":217,"column":55}},"53":{"start":{"line":218,"column":8},"end":{"line":218,"column":7630}},"54":{"start":{"line":219,"column":12},"end":{"line":219,"column":63}},"55":{"start":{"line":220,"column":12},"end":{"line":220,"column":52}},"56":{"start":{"line":223,"column":8},"end":{"line":223,"column":73}},"57":{"start":{"line":227,"column":8},"end":{"line":227,"column":40}},"58":{"start":{"line":231,"column":8},"end":{"line":231,"column":46}},"59":{"start":{"line":235,"column":8},"end":{"line":235,"column":38}},"60":{"start":{"line":236,"column":8},"end":{"line":236,"column":75}},"61":{"start":{"line":241,"column":8},"end":{"line":241,"column":15}},"62":{"start":{"line":245,"column":8},"end":{"line":245,"column":17}}},"branchMap":{"1":{"line":69,"type":"if","locations":[{"start":{"line":69,"column":13},"end":{"line":69,"column":13}},{"start":{"line":69,"column":13},"end":{"line":69,"column":13}}]},"2":{"line":84,"type":"if","locations":[{"start":{"line":84,"column":66},"end":{"line":84,"column":66}},{"start":{"line":84,"column":66},"end":{"line":84,"column":66}}]},"3":{"line":92,"type":"if","locations":[{"start":{"line":92,"column":15},"end":{"line":92,"column":15}},{"start":{"line":92,"column":15},"end":{"line":92,"column":15}}]},"4":{"line":112,"type":"if","locations":[{"start":{"line":112,"column":15},"end":{"line":112,"column":15}},{"start":{"line":112,"column":15},"end":{"line":112,"column":15}}]},"5":{"line":113,"type":"if","locations":[{"start":{"line":113,"column":8},"end":{"line":113,"column":8}},{"start":{"line":113,"column":8},"end":{"line":113,"column":8}}]},"6":{"line":124,"type":"if","locations":[{"start":{"line":124,"column":60},"end":{"line":124,"column":60}},{"start":{"line":124,"column":60},"end":{"line":124,"column":60}}]},"7":{"line":124,"type":"if","locations":[{"start":{"line":124,"column":73},"end":{"line":124,"column":73}},{"start":{"line":124,"column":73},"end":{"line":124,"column":73}}]},"8":{"line":126,"type":"if","locations":[{"start":{"line":126,"column":8},"end":{"line":126,"column":8}},{"start":{"line":126,"column":8},"end":{"line":126,"column":8}}]},"9":{"line":127,"type":"if","locations":[{"start":{"line":127,"column":8},"end":{"line":127,"column":8}},{"start":{"line":127,"column":8},"end":{"line":127,"column":8}}]},"10":{"line":134,"type":"if","locations":[{"start":{"line":134,"column":8},"end":{"line":134,"column":8}},{"start":{"line":134,"column":8},"end":{"line":134,"column":8}}]},"11":{"line":136,"type":"if","locations":[{"start":{"line":136,"column":12},"end":{"line":136,"column":12}},{"start":{"line":136,"column":12},"end":{"line":136,"column":12}}]},"12":{"line":152,"type":"if","locations":[{"start":{"line":152,"column":63},"end":{"line":152,"column":63}},{"start":{"line":152,"column":63},"end":{"line":152,"column":63}}]},"13":{"line":155,"type":"if","locations":[{"start":{"line":155,"column":8},"end":{"line":155,"column":8}},{"start":{"line":155,"column":8},"end":{"line":155,"column":8}}]},"14":{"line":161,"type":"if","locations":[{"start":{"line":161,"column":8},"end":{"line":161,"column":8}},{"start":{"line":161,"column":8},"end":{"line":161,"column":8}}]},"15":{"line":172,"type":"if","locations":[{"start":{"line":172,"column":8},"end":{"line":172,"column":8}},{"start":{"line":172,"column":8},"end":{"line":172,"column":8}}]},"16":{"line":176,"type":"if","locations":[{"start":{"line":176,"column":8},"end":{"line":176,"column":8}},{"start":{"line":176,"column":8},"end":{"line":176,"column":8}}]},"17":{"line":184,"type":"if","locations":[{"start":{"line":184,"column":70},"end":{"line":184,"column":70}},{"start":{"line":184,"column":70},"end":{"line":184,"column":70}}]},"18":{"line":184,"type":"if","locations":[{"start":{"line":184,"column":83},"end":{"line":184,"column":83}},{"start":{"line":184,"column":83},"end":{"line":184,"column":83}}]},"19":{"line":187,"type":"if","locations":[{"start":{"line":187,"column":8},"end":{"line":187,"column":8}},{"start":{"line":187,"column":8},"end":{"line":187,"column":8}}]},"20":{"line":201,"type":"if","locations":[{"start":{"line":201,"column":8},"end":{"line":201,"column":8}},{"start":{"line":201,"column":8},"end":{"line":201,"column":8}}]},"21":{"line":202,"type":"if","locations":[{"start":{"line":202,"column":8},"end":{"line":202,"column":8}},{"start":{"line":202,"column":8},"end":{"line":202,"column":8}}]},"22":{"line":218,"type":"if","locations":[{"start":{"line":218,"column":8},"end":{"line":218,"column":8}},{"start":{"line":218,"column":8},"end":{"line":218,"column":8}}]},"23":{"line":240,"type":"if","locations":[{"start":{"line":240,"column":30},"end":{"line":240,"column":30}},{"start":{"line":240,"column":30},"end":{"line":240,"column":30}}]},"24":{"line":244,"type":"if","locations":[{"start":{"line":244,"column":32},"end":{"line":244,"column":32}},{"start":{"line":244,"column":32},"end":{"line":244,"column":32}}]}}},"contracts/BarinToken.sol":{"l":{"14":9},"path":"/home/incredible/Projects/Barin/Barin-Contracts/contracts/BarinToken.sol","s":{"1":9},"b":{},"f":{"1":9},"fnMap":{"1":{"name":"constructor","line":13,"loc":{"start":{"line":13,"column":4},"end":{"line":15,"column":4}}}},"statementMap":{"1":{"start":{"line":14,"column":8},"end":{"line":14,"column":58}}},"branchMap":{}},"contracts/BarinVesting.sol":{"l":{"57":9,"58":8,"77":9,"90":2,"91":2,"97":1,"100":1,"101":2,"121":11,"122":3,"124":8,"125":1,"129":7,"130":7,"131":7,"132":1,"135":6,"138":6,"142":6,"152":6,"154":6,"161":9,"163":9,"164":0,"167":9,"168":9,"169":9,"170":0,"173":9,"174":9,"175":3,"178":6,"179":6,"181":6,"183":6,"190":1,"191":2,"192":2,"193":2,"194":2,"195":2,"204":2,"206":2,"207":1,"210":1,"211":1,"213":1,"214":1,"217":1,"219":1,"220":1,"221":1,"229":1,"230":1,"231":1,"238":14,"239":14,"241":14,"242":14,"243":1,"245":13,"246":8,"248":5,"253":1,"257":1,"261":1,"265":2,"272":1,"273":1},"path":"/home/incredible/Projects/Barin/Barin-Contracts/contracts/BarinVesting.sol","s":{"1":9,"2":9,"3":2,"4":2,"5":1,"6":2,"7":11,"8":8,"9":7,"10":7,"11":7,"12":6,"13":6,"14":9,"15":9,"16":9,"17":9,"18":9,"19":9,"20":9,"21":6,"22":6,"23":1,"24":2,"25":2,"26":2,"27":2,"28":2,"29":2,"30":2,"31":1,"32":1,"33":1,"34":1,"35":1,"36":1,"37":1,"38":1,"39":14,"40":14,"41":0,"42":14,"43":14,"44":1,"45":13,"46":8,"47":5,"48":1,"49":1,"50":1,"51":2,"52":1,"53":1},"b":{"1":[1,8],"2":[9,1],"3":[2,1],"4":[1,1],"5":[0,0],"6":[0,0],"7":[0,1],"8":[3,8],"9":[1,1],"10":[1,1],"11":[1,7],"12":[1,6],"13":[9,0],"14":[0,9],"15":[0,9],"16":[3,6],"17":[2,0],"18":[2,0],"19":[1,1],"20":[1,0],"21":[0,1],"22":[0,14],"23":[1,13],"24":[8,5],"25":[1,1]},"f":{"1":9,"2":9,"3":2,"4":11,"5":9,"6":1,"7":2,"8":1,"9":14,"10":1,"11":1,"12":1,"13":2,"14":1},"fnMap":{"1":{"name":"constructor","line":56,"loc":{"start":{"line":56,"column":4},"end":{"line":60,"column":4}}},"2":{"name":"createVestingSchedule","line":76,"loc":{"start":{"line":70,"column":4},"end":{"line":78,"column":4}}},"3":{"name":"batchCreateSchedules","line":89,"loc":{"start":{"line":83,"column":4},"end":{"line":109,"column":4}}},"4":{"name":"_createVestingSchedule","line":114,"loc":{"start":{"line":114,"column":4},"end":{"line":155,"column":4}}},"5":{"name":"release","line":160,"loc":{"start":{"line":160,"column":4},"end":{"line":184,"column":4}}},"6":{"name":"batchRelease","line":189,"loc":{"start":{"line":189,"column":4},"end":{"line":198,"column":4}}},"7":{"name":"revoke","line":203,"loc":{"start":{"line":203,"column":4},"end":{"line":223,"column":4}}},"8":{"name":"_releasableAmount","line":228,"loc":{"start":{"line":228,"column":4},"end":{"line":232,"column":4}}},"9":{"name":"_vestedAmount","line":237,"loc":{"start":{"line":237,"column":4},"end":{"line":249,"column":4}}},"10":{"name":"getSchedule","line":252,"loc":{"start":{"line":252,"column":4},"end":{"line":254,"column":4}}},"11":{"name":"releasableAmount","line":256,"loc":{"start":{"line":256,"column":4},"end":{"line":258,"column":4}}},"12":{"name":"vestedAmount","line":260,"loc":{"start":{"line":260,"column":4},"end":{"line":262,"column":4}}},"13":{"name":"getBeneficiarySchedules","line":264,"loc":{"start":{"line":264,"column":4},"end":{"line":266,"column":4}}},"14":{"name":"emergencyWithdraw","line":271,"loc":{"start":{"line":271,"column":4},"end":{"line":274,"column":4}}}},"statementMap":{"1":{"start":{"line":57,"column":8},"end":{"line":57,"column":58}},"2":{"start":{"line":77,"column":8},"end":{"line":77,"column":106}},"3":{"start":{"line":90,"column":8},"end":{"line":90,"column":45}},"4":{"start":{"line":91,"column":8},"end":{"line":91,"column":3498}},"5":{"start":{"line":100,"column":8},"end":{"line":100,"column":3748}},"6":{"start":{"line":101,"column":12},"end":{"line":101,"column":3803}},"7":{"start":{"line":121,"column":8},"end":{"line":121,"column":4328}},"8":{"start":{"line":124,"column":8},"end":{"line":124,"column":4461}},"9":{"start":{"line":129,"column":8},"end":{"line":129,"column":55}},"10":{"start":{"line":130,"column":8},"end":{"line":130,"column":65}},"11":{"start":{"line":131,"column":8},"end":{"line":131,"column":4765}},"12":{"start":{"line":152,"column":8},"end":{"line":152,"column":58}},"13":{"start":{"line":154,"column":8},"end":{"line":154,"column":73}},"14":{"start":{"line":161,"column":8},"end":{"line":161,"column":65}},"15":{"start":{"line":163,"column":8},"end":{"line":163,"column":5774}},"16":{"start":{"line":167,"column":8},"end":{"line":167,"column":50}},"17":{"start":{"line":168,"column":8},"end":{"line":168,"column":52}},"18":{"start":{"line":169,"column":8},"end":{"line":169,"column":6003}},"19":{"start":{"line":173,"column":8},"end":{"line":173,"column":47}},"20":{"start":{"line":174,"column":8},"end":{"line":174,"column":6129}},"21":{"start":{"line":181,"column":8},"end":{"line":181,"column":59}},"22":{"start":{"line":183,"column":8},"end":{"line":183,"column":73}},"23":{"start":{"line":190,"column":8},"end":{"line":190,"column":6587}},"24":{"start":{"line":191,"column":12},"end":{"line":191,"column":40}},"25":{"start":{"line":192,"column":12},"end":{"line":192,"column":47}},"26":{"start":{"line":193,"column":12},"end":{"line":193,"column":63}},"27":{"start":{"line":194,"column":12},"end":{"line":194,"column":6810}},"28":{"start":{"line":195,"column":16},"end":{"line":195,"column":27}},"29":{"start":{"line":204,"column":8},"end":{"line":204,"column":65}},"30":{"start":{"line":206,"column":8},"end":{"line":206,"column":7099}},"31":{"start":{"line":210,"column":8},"end":{"line":210,"column":50}},"32":{"start":{"line":211,"column":8},"end":{"line":211,"column":62}},"33":{"start":{"line":219,"column":8},"end":{"line":219,"column":7467}},"34":{"start":{"line":220,"column":12},"end":{"line":220,"column":54}},"35":{"start":{"line":221,"column":12},"end":{"line":221,"column":59}},"36":{"start":{"line":229,"column":8},"end":{"line":229,"column":50}},"37":{"start":{"line":230,"column":8},"end":{"line":230,"column":66}},"38":{"start":{"line":231,"column":8},"end":{"line":231,"column":60}},"39":{"start":{"line":238,"column":8},"end":{"line":238,"column":64}},"40":{"start":{"line":239,"column":8},"end":{"line":239,"column":56}},"41":{"start":{"line":239,"column":48},"end":{"line":239,"column":56}},"42":{"start":{"line":241,"column":8},"end":{"line":241,"column":62}},"43":{"start":{"line":242,"column":8},"end":{"line":242,"column":8316}},"44":{"start":{"line":243,"column":12},"end":{"line":243,"column":20}},"45":{"start":{"line":245,"column":8},"end":{"line":245,"column":8396}},"46":{"start":{"line":246,"column":12},"end":{"line":246,"column":39}},"47":{"start":{"line":248,"column":8},"end":{"line":248,"column":74}},"48":{"start":{"line":253,"column":8},"end":{"line":253,"column":37}},"49":{"start":{"line":257,"column":8},"end":{"line":257,"column":44}},"50":{"start":{"line":261,"column":8},"end":{"line":261,"column":40}},"51":{"start":{"line":265,"column":8},"end":{"line":265,"column":49}},"52":{"start":{"line":272,"column":8},"end":{"line":272,"column":57}},"53":{"start":{"line":273,"column":8},"end":{"line":273,"column":52}}},"branchMap":{"1":{"line":57,"type":"if","locations":[{"start":{"line":57,"column":8},"end":{"line":57,"column":8}},{"start":{"line":57,"column":8},"end":{"line":57,"column":8}}]},"2":{"line":76,"type":"if","locations":[{"start":{"line":76,"column":15},"end":{"line":76,"column":15}},{"start":{"line":76,"column":15},"end":{"line":76,"column":15}}]},"3":{"line":89,"type":"if","locations":[{"start":{"line":89,"column":15},"end":{"line":89,"column":15}},{"start":{"line":89,"column":15},"end":{"line":89,"column":15}}]},"4":{"line":91,"type":"if","locations":[{"start":{"line":91,"column":8},"end":{"line":91,"column":8}},{"start":{"line":91,"column":8},"end":{"line":91,"column":8}}]},"5":{"line":92,"type":"cond-expr","locations":[{"start":{"line":92,"column":12},"end":{"line":92,"column":35}},{"start":{"line":93,"column":12},"end":{"line":93,"column":42}}]},"6":{"line":92,"type":"cond-expr","locations":[{"start":{"line":92,"column":12},"end":{"line":93,"column":42}},{"start":{"line":94,"column":12},"end":{"line":94,"column":44}}]},"7":{"line":92,"type":"cond-expr","locations":[{"start":{"line":92,"column":12},"end":{"line":94,"column":44}},{"start":{"line":95,"column":12},"end":{"line":95,"column":38}}]},"8":{"line":121,"type":"if","locations":[{"start":{"line":121,"column":8},"end":{"line":121,"column":8}},{"start":{"line":121,"column":8},"end":{"line":121,"column":8}}]},"9":{"line":121,"type":"cond-expr","locations":[{"start":{"line":121,"column":12},"end":{"line":121,"column":36}},{"start":{"line":121,"column":41},"end":{"line":121,"column":56}}]},"10":{"line":121,"type":"cond-expr","locations":[{"start":{"line":121,"column":12},"end":{"line":121,"column":56}},{"start":{"line":121,"column":61},"end":{"line":121,"column":80}}]},"11":{"line":124,"type":"if","locations":[{"start":{"line":124,"column":8},"end":{"line":124,"column":8}},{"start":{"line":124,"column":8},"end":{"line":124,"column":8}}]},"12":{"line":131,"type":"if","locations":[{"start":{"line":131,"column":8},"end":{"line":131,"column":8}},{"start":{"line":131,"column":8},"end":{"line":131,"column":8}}]},"13":{"line":160,"type":"if","locations":[{"start":{"line":160,"column":48},"end":{"line":160,"column":48}},{"start":{"line":160,"column":48},"end":{"line":160,"column":48}}]},"14":{"line":163,"type":"if","locations":[{"start":{"line":163,"column":8},"end":{"line":163,"column":8}},{"start":{"line":163,"column":8},"end":{"line":163,"column":8}}]},"15":{"line":169,"type":"if","locations":[{"start":{"line":169,"column":8},"end":{"line":169,"column":8}},{"start":{"line":169,"column":8},"end":{"line":169,"column":8}}]},"16":{"line":174,"type":"if","locations":[{"start":{"line":174,"column":8},"end":{"line":174,"column":8}},{"start":{"line":174,"column":8},"end":{"line":174,"column":8}}]},"17":{"line":194,"type":"if","locations":[{"start":{"line":194,"column":12},"end":{"line":194,"column":12}},{"start":{"line":194,"column":12},"end":{"line":194,"column":12}}]},"18":{"line":203,"type":"if","locations":[{"start":{"line":203,"column":49},"end":{"line":203,"column":49}},{"start":{"line":203,"column":49},"end":{"line":203,"column":49}}]},"19":{"line":206,"type":"if","locations":[{"start":{"line":206,"column":8},"end":{"line":206,"column":8}},{"start":{"line":206,"column":8},"end":{"line":206,"column":8}}]},"20":{"line":219,"type":"if","locations":[{"start":{"line":219,"column":8},"end":{"line":219,"column":8}},{"start":{"line":219,"column":8},"end":{"line":219,"column":8}}]},"21":{"line":231,"type":"if","locations":[{"start":{"line":231,"column":36},"end":{"line":231,"column":55}},{"start":{"line":231,"column":59},"end":{"line":231,"column":59}}]},"22":{"line":239,"type":"if","locations":[{"start":{"line":239,"column":8},"end":{"line":239,"column":8}},{"start":{"line":239,"column":8},"end":{"line":239,"column":8}}]},"23":{"line":242,"type":"if","locations":[{"start":{"line":242,"column":8},"end":{"line":242,"column":8}},{"start":{"line":242,"column":8},"end":{"line":242,"column":8}}]},"24":{"line":245,"type":"if","locations":[{"start":{"line":245,"column":8},"end":{"line":245,"column":8}},{"start":{"line":245,"column":8},"end":{"line":245,"column":8}}]},"25":{"line":271,"type":"if","locations":[{"start":{"line":271,"column":78},"end":{"line":271,"column":78}},{"start":{"line":271,"column":78},"end":{"line":271,"column":78}}]}}},"contracts/mocks/MockERC20.sol":{"l":{"14":93},"path":"/home/incredible/Projects/Barin/Barin-Contracts/contracts/mocks/MockERC20.sol","s":{"1":93},"b":{},"f":{"1":62,"2":93},"fnMap":{"1":{"name":"constructor","line":12,"loc":{"start":{"line":12,"column":4},"end":{"line":12,"column":48}}},"2":{"name":"mint","line":13,"loc":{"start":{"line":13,"column":4},"end":{"line":15,"column":4}}}},"statementMap":{"1":{"start":{"line":14,"column":8},"end":{"line":14,"column":30}}},"branchMap":{}}}