{"contracts/BarinToken.sol":{"l":{"14":9},"path":"/home/incredible/Projects/Barin/Barin-Contracts/contracts/BarinToken.sol","s":{"1":9},"b":{},"f":{"1":9},"fnMap":{"1":{"name":"constructor","line":13,"loc":{"start":{"line":13,"column":4},"end":{"line":15,"column":4}}}},"statementMap":{"1":{"start":{"line":14,"column":8},"end":{"line":14,"column":58}}},"branchMap":{}},"contracts/BarinVesting.sol":{"l":{"57":9,"58":8,"77":9,"90":2,"91":2,"97":1,"100":1,"101":2,"121":11,"122":3,"124":8,"125":1,"129":7,"130":7,"131":7,"132":1,"135":6,"138":6,"142":6,"152":6,"154":6,"161":9,"163":9,"164":0,"167":9,"168":9,"169":9,"170":0,"173":9,"174":9,"175":3,"178":6,"179":6,"181":6,"183":6,"190":1,"191":2,"192":2,"193":2,"194":2,"195":2,"204":2,"206":2,"207":1,"210":1,"211":1,"213":1,"214":1,"217":1,"219":1,"220":1,"221":1,"229":1,"230":1,"231":1,"238":14,"239":14,"241":14,"242":14,"243":1,"245":13,"246":8,"248":5,"253":1,"257":1,"261":1,"265":2,"272":1,"273":1},"path":"/home/incredible/Projects/Barin/Barin-Contracts/contracts/BarinVesting.sol","s":{"1":9,"2":9,"3":2,"4":2,"5":1,"6":2,"7":11,"8":8,"9":7,"10":7,"11":7,"12":6,"13":6,"14":9,"15":9,"16":9,"17":9,"18":9,"19":9,"20":9,"21":6,"22":6,"23":1,"24":2,"25":2,"26":2,"27":2,"28":2,"29":2,"30":2,"31":1,"32":1,"33":1,"34":1,"35":1,"36":1,"37":1,"38":1,"39":14,"40":14,"41":0,"42":14,"43":14,"44":1,"45":13,"46":8,"47":5,"48":1,"49":1,"50":1,"51":2,"52":1,"53":1},"b":{"1":[1,8],"2":[9,1],"3":[2,1],"4":[1,1],"5":[0,0],"6":[0,0],"7":[0,1],"8":[3,8],"9":[1,1],"10":[1,1],"11":[1,7],"12":[1,6],"13":[9,0],"14":[0,9],"15":[0,9],"16":[3,6],"17":[2,0],"18":[2,0],"19":[1,1],"20":[1,0],"21":[0,1],"22":[0,14],"23":[1,13],"24":[8,5],"25":[1,1]},"f":{"1":9,"2":9,"3":2,"4":11,"5":9,"6":1,"7":2,"8":1,"9":14,"10":1,"11":1,"12":1,"13":2,"14":1},"fnMap":{"1":{"name":"constructor","line":56,"loc":{"start":{"line":56,"column":4},"end":{"line":60,"column":4}}},"2":{"name":"createVestingSchedule","line":76,"loc":{"start":{"line":70,"column":4},"end":{"line":78,"column":4}}},"3":{"name":"batchCreateSchedules","line":89,"loc":{"start":{"line":83,"column":4},"end":{"line":109,"column":4}}},"4":{"name":"_createVestingSchedule","line":114,"loc":{"start":{"line":114,"column":4},"end":{"line":155,"column":4}}},"5":{"name":"release","line":160,"loc":{"start":{"line":160,"column":4},"end":{"line":184,"column":4}}},"6":{"name":"batchRelease","line":189,"loc":{"start":{"line":189,"column":4},"end":{"line":198,"column":4}}},"7":{"name":"revoke","line":203,"loc":{"start":{"line":203,"column":4},"end":{"line":223,"column":4}}},"8":{"name":"_releasableAmount","line":228,"loc":{"start":{"line":228,"column":4},"end":{"line":232,"column":4}}},"9":{"name":"_vestedAmount","line":237,"loc":{"start":{"line":237,"column":4},"end":{"line":249,"column":4}}},"10":{"name":"getSchedule","line":252,"loc":{"start":{"line":252,"column":4},"end":{"line":254,"column":4}}},"11":{"name":"releasableAmount","line":256,"loc":{"start":{"line":256,"column":4},"end":{"line":258,"column":4}}},"12":{"name":"vestedAmount","line":260,"loc":{"start":{"line":260,"column":4},"end":{"line":262,"column":4}}},"13":{"name":"getBeneficiarySchedules","line":264,"loc":{"start":{"line":264,"column":4},"end":{"line":266,"column":4}}},"14":{"name":"emergencyWithdraw","line":271,"loc":{"start":{"line":271,"column":4},"end":{"line":274,"column":4}}}},"statementMap":{"1":{"start":{"line":57,"column":8},"end":{"line":57,"column":58}},"2":{"start":{"line":77,"column":8},"end":{"line":77,"column":106}},"3":{"start":{"line":90,"column":8},"end":{"line":90,"column":45}},"4":{"start":{"line":91,"column":8},"end":{"line":91,"column":3498}},"5":{"start":{"line":100,"column":8},"end":{"line":100,"column":3748}},"6":{"start":{"line":101,"column":12},"end":{"line":101,"column":3803}},"7":{"start":{"line":121,"column":8},"end":{"line":121,"column":4328}},"8":{"start":{"line":124,"column":8},"end":{"line":124,"column":4461}},"9":{"start":{"line":129,"column":8},"end":{"line":129,"column":55}},"10":{"start":{"line":130,"column":8},"end":{"line":130,"column":65}},"11":{"start":{"line":131,"column":8},"end":{"line":131,"column":4765}},"12":{"start":{"line":152,"column":8},"end":{"line":152,"column":58}},"13":{"start":{"line":154,"column":8},"end":{"line":154,"column":73}},"14":{"start":{"line":161,"column":8},"end":{"line":161,"column":65}},"15":{"start":{"line":163,"column":8},"end":{"line":163,"column":5774}},"16":{"start":{"line":167,"column":8},"end":{"line":167,"column":50}},"17":{"start":{"line":168,"column":8},"end":{"line":168,"column":52}},"18":{"start":{"line":169,"column":8},"end":{"line":169,"column":6003}},"19":{"start":{"line":173,"column":8},"end":{"line":173,"column":47}},"20":{"start":{"line":174,"column":8},"end":{"line":174,"column":6129}},"21":{"start":{"line":181,"column":8},"end":{"line":181,"column":59}},"22":{"start":{"line":183,"column":8},"end":{"line":183,"column":73}},"23":{"start":{"line":190,"column":8},"end":{"line":190,"column":6587}},"24":{"start":{"line":191,"column":12},"end":{"line":191,"column":40}},"25":{"start":{"line":192,"column":12},"end":{"line":192,"column":47}},"26":{"start":{"line":193,"column":12},"end":{"line":193,"column":63}},"27":{"start":{"line":194,"column":12},"end":{"line":194,"column":6810}},"28":{"start":{"line":195,"column":16},"end":{"line":195,"column":27}},"29":{"start":{"line":204,"column":8},"end":{"line":204,"column":65}},"30":{"start":{"line":206,"column":8},"end":{"line":206,"column":7099}},"31":{"start":{"line":210,"column":8},"end":{"line":210,"column":50}},"32":{"start":{"line":211,"column":8},"end":{"line":211,"column":62}},"33":{"start":{"line":219,"column":8},"end":{"line":219,"column":7467}},"34":{"start":{"line":220,"column":12},"end":{"line":220,"column":54}},"35":{"start":{"line":221,"column":12},"end":{"line":221,"column":59}},"36":{"start":{"line":229,"column":8},"end":{"line":229,"column":50}},"37":{"start":{"line":230,"column":8},"end":{"line":230,"column":66}},"38":{"start":{"line":231,"column":8},"end":{"line":231,"column":60}},"39":{"start":{"line":238,"column":8},"end":{"line":238,"column":64}},"40":{"start":{"line":239,"column":8},"end":{"line":239,"column":56}},"41":{"start":{"line":239,"column":48},"end":{"line":239,"column":56}},"42":{"start":{"line":241,"column":8},"end":{"line":241,"column":62}},"43":{"start":{"line":242,"column":8},"end":{"line":242,"column":8316}},"44":{"start":{"line":243,"column":12},"end":{"line":243,"column":20}},"45":{"start":{"line":245,"column":8},"end":{"line":245,"column":8396}},"46":{"start":{"line":246,"column":12},"end":{"line":246,"column":39}},"47":{"start":{"line":248,"column":8},"end":{"line":248,"column":74}},"48":{"start":{"line":253,"column":8},"end":{"line":253,"column":37}},"49":{"start":{"line":257,"column":8},"end":{"line":257,"column":44}},"50":{"start":{"line":261,"column":8},"end":{"line":261,"column":40}},"51":{"start":{"line":265,"column":8},"end":{"line":265,"column":49}},"52":{"start":{"line":272,"column":8},"end":{"line":272,"column":57}},"53":{"start":{"line":273,"column":8},"end":{"line":273,"column":52}}},"branchMap":{"1":{"line":57,"type":"if","locations":[{"start":{"line":57,"column":8},"end":{"line":57,"column":8}},{"start":{"line":57,"column":8},"end":{"line":57,"column":8}}]},"2":{"line":76,"type":"if","locations":[{"start":{"line":76,"column":15},"end":{"line":76,"column":15}},{"start":{"line":76,"column":15},"end":{"line":76,"column":15}}]},"3":{"line":89,"type":"if","locations":[{"start":{"line":89,"column":15},"end":{"line":89,"column":15}},{"start":{"line":89,"column":15},"end":{"line":89,"column":15}}]},"4":{"line":91,"type":"if","locations":[{"start":{"line":91,"column":8},"end":{"line":91,"column":8}},{"start":{"line":91,"column":8},"end":{"line":91,"column":8}}]},"5":{"line":92,"type":"cond-expr","locations":[{"start":{"line":92,"column":12},"end":{"line":92,"column":35}},{"start":{"line":93,"column":12},"end":{"line":93,"column":42}}]},"6":{"line":92,"type":"cond-expr","locations":[{"start":{"line":92,"column":12},"end":{"line":93,"column":42}},{"start":{"line":94,"column":12},"end":{"line":94,"column":44}}]},"7":{"line":92,"type":"cond-expr","locations":[{"start":{"line":92,"column":12},"end":{"line":94,"column":44}},{"start":{"line":95,"column":12},"end":{"line":95,"column":38}}]},"8":{"line":121,"type":"if","locations":[{"start":{"line":121,"column":8},"end":{"line":121,"column":8}},{"start":{"line":121,"column":8},"end":{"line":121,"column":8}}]},"9":{"line":121,"type":"cond-expr","locations":[{"start":{"line":121,"column":12},"end":{"line":121,"column":36}},{"start":{"line":121,"column":41},"end":{"line":121,"column":56}}]},"10":{"line":121,"type":"cond-expr","locations":[{"start":{"line":121,"column":12},"end":{"line":121,"column":56}},{"start":{"line":121,"column":61},"end":{"line":121,"column":80}}]},"11":{"line":124,"type":"if","locations":[{"start":{"line":124,"column":8},"end":{"line":124,"column":8}},{"start":{"line":124,"column":8},"end":{"line":124,"column":8}}]},"12":{"line":131,"type":"if","locations":[{"start":{"line":131,"column":8},"end":{"line":131,"column":8}},{"start":{"line":131,"column":8},"end":{"line":131,"column":8}}]},"13":{"line":160,"type":"if","locations":[{"start":{"line":160,"column":48},"end":{"line":160,"column":48}},{"start":{"line":160,"column":48},"end":{"line":160,"column":48}}]},"14":{"line":163,"type":"if","locations":[{"start":{"line":163,"column":8},"end":{"line":163,"column":8}},{"start":{"line":163,"column":8},"end":{"line":163,"column":8}}]},"15":{"line":169,"type":"if","locations":[{"start":{"line":169,"column":8},"end":{"line":169,"column":8}},{"start":{"line":169,"column":8},"end":{"line":169,"column":8}}]},"16":{"line":174,"type":"if","locations":[{"start":{"line":174,"column":8},"end":{"line":174,"column":8}},{"start":{"line":174,"column":8},"end":{"line":174,"column":8}}]},"17":{"line":194,"type":"if","locations":[{"start":{"line":194,"column":12},"end":{"line":194,"column":12}},{"start":{"line":194,"column":12},"end":{"line":194,"column":12}}]},"18":{"line":203,"type":"if","locations":[{"start":{"line":203,"column":49},"end":{"line":203,"column":49}},{"start":{"line":203,"column":49},"end":{"line":203,"column":49}}]},"19":{"line":206,"type":"if","locations":[{"start":{"line":206,"column":8},"end":{"line":206,"column":8}},{"start":{"line":206,"column":8},"end":{"line":206,"column":8}}]},"20":{"line":219,"type":"if","locations":[{"start":{"line":219,"column":8},"end":{"line":219,"column":8}},{"start":{"line":219,"column":8},"end":{"line":219,"column":8}}]},"21":{"line":231,"type":"if","locations":[{"start":{"line":231,"column":36},"end":{"line":231,"column":55}},{"start":{"line":231,"column":59},"end":{"line":231,"column":59}}]},"22":{"line":239,"type":"if","locations":[{"start":{"line":239,"column":8},"end":{"line":239,"column":8}},{"start":{"line":239,"column":8},"end":{"line":239,"column":8}}]},"23":{"line":242,"type":"if","locations":[{"start":{"line":242,"column":8},"end":{"line":242,"column":8}},{"start":{"line":242,"column":8},"end":{"line":242,"column":8}}]},"24":{"line":245,"type":"if","locations":[{"start":{"line":245,"column":8},"end":{"line":245,"column":8}},{"start":{"line":245,"column":8},"end":{"line":245,"column":8}}]},"25":{"line":271,"type":"if","locations":[{"start":{"line":271,"column":78},"end":{"line":271,"column":78}},{"start":{"line":271,"column":78},"end":{"line":271,"column":78}}]}}}}