{
"contracts/BarinStaking.sol":{"l":{"70":31,"71":31,"72":31,"73":31,"75":31,"76":31,"78":31,"79":31,"80":31,"94":29,"105":29,"106":29,"116":5,"117":4,"119":4,"120":4,"121":4,"122":4,"123":4,"124":4,"129":20,"130":20,"131":19,"135":18,"137":18,"138":18,"139":2,"140":2,"141":2,"142":2,"146":18,"148":18,"149":18,"150":18,"152":18,"153":18,"157":6,"158":6,"159":6,"160":4,"162":4,"164":4,"165":4,"167":2,"168":2,"171":4,"172":4,"173":4,"175":4,"176":4,"177":2,"180":4,"181":2,"182":2,"185":4,"189":4,"190":4,"191":4,"193":2,"194":2,"195":2,"197":2,"199":2,"204":26,"205":26,"206":26,"207":18,"208":18,"210":8,"211":8,"212":8,"213":8,"218":3,"219":3,"221":3,"222":3,"223":2,"224":2,"225":2,"227":3,"231":1,"235":2,"239":1,"240":1,"245":1,"249":1},"path":"/home/incredible/Projects/Barin/Barin-Contracts/contracts/BarinStaking.sol","s":{"1":31,"2":31,"3":31,"4":31,"5":31,"6":31,"7":29,"8":5,"9":4,"10":4,"11":4,"12":20,"13":20,"14":19,"15":18,"16":18,"17":18,"18":2,"19":2,"20":2,"21":2,"22":18,"23":18,"24":6,"25":6,"26":6,"27":4,"28":4,"29":4,"30":4,"31":4,"32":4,"33":2,"34":4,"35":2,"36":2,"37":4,"38":4,"39":4,"40":4,"41":2,"42":2,"43":26,"44":26,"45":0,"46":26,"47":18,"48":8,"49":8,"50":3,"51":3,"52":3,"53":3,"54":2,"55":2,"56":3,"57":1,"58":2,"59":1,"60":1,"61":1,"62":1},"b":{"1":[31,1],"2":[0,0],"3":[29,1],"4":[5,0],"5":[4,1],"6":[21,0],"7":[20,1],"8":[19,1],"9":[18,1],"10":[2,16],"11":[2,0],"12":[6,0],"13":[4,2],"14":[2,2],"15":[2,2],"16":[2,2],"17":[4,0],"18":[4,0],"19":[2,2],"20":[0,26],"21":[18,8],"22":[2,1],"23":[1,1],"24":[1,1]},"f":{"1":31,"2":0,"3":29,"4":5,"5":20,"6":6,"7":4,"8":26,"9":3,"10":1,"11":2,"12":1,"13":1,"14":1},"fnMap":{"1":{"name":"initialize","line":69,"loc":{"start":{"line":64,"column":4},"end":{"line":81,"column":4}}},"2":{"name":"_authorizeUpgrade","line":84,"loc":{"start":{"line":84,"column":4},"end":{"line":84,"column":88}}},"3":{"name":"addPool","line":93,"loc":{"start":{"line":87,"column":4},"end":{"line":107,"column":4}}},"4":{"name":"updatePool","line":115,"loc":{"start":{"line":109,"column":4},"end":{"line":125,"column":4}}},"5":{"name":"stake","line":128,"loc":{"start":{"line":128,"column":4},"end":{"line":154,"column":4}}},"6":{"name":"withdraw","line":156,"loc":{"start":{"line":156,"column":4},"end":{"line":186,"column":4}}},"7":{"name":"emergencyWithdraw","line":188,"loc":{"start":{"line":188,"column":4},"end":{"line":200,"column":4}}},"8":{"name":"_updatePool","line":203,"loc":{"start":{"line":203,"column":4},"end":{"line":214,"column":4}}},"9":{"name":"pendingRewards","line":217,"loc":{"start":{"line":217,"column":4},"end":{"line":228,"column":4}}},"10":{"name":"getTVL","line":230,"loc":{"start":{"line":230,"column":4},"end":{"line":232,"column":4}}},"11":{"name":"getUnlockTime","line":234,"loc":{"start":{"line":234,"column":4},"end":{"line":236,"column":4}}},"12":{"name":"previewPenalty","line":238,"loc":{"start":{"line":238,"column":4},"end":{"line":241,"column":4}}},"13":{"name":"pause","line":244,"loc":{"start":{"line":244,"column":4},"end":{"line":246,"column":4}}},"14":{"name":"unpause","line":248,"loc":{"start":{"line":248,"column":4},"end":{"line":250,"column":4}}}},"statementMap":{"1":{"start":{"line":70,"column":8},"end":{"line":70,"column":29}},"2":{"start":{"line":71,"column":8},"end":{"line":71,"column":31}},"3":{"start":{"line":72,"column":8},"end":{"line":72,"column":24}},"4":{"start":{"line":73,"column":8},"end":{"line":73,"column":31}},"5":{"start":{"line":78,"column":8},"end":{"line":78,"column":45}},"6":{"start":{"line":79,"column":8},"end":{"line":79,"column":37}},"7":{"start":{"line":105,"column":8},"end":{"line":105,"column":47}},"8":{"start":{"line":116,"column":8},"end":{"line":116,"column":54}},"9":{"start":{"line":117,"column":8},"end":{"line":117,"column":26}},"10":{"start":{"line":119,"column":8},"end":{"line":119,"column":38}},"11":{"start":{"line":124,"column":8},"end":{"line":124,"column":46}},"12":{"start":{"line":129,"column":8},"end":{"line":129,"column":38}},"13":{"start":{"line":130,"column":8},"end":{"line":130,"column":40}},"14":{"start":{"line":131,"column":8},"end":{"line":131,"column":55}},"15":{"start":{"line":135,"column":8},"end":{"line":135,"column":26}},"16":{"start":{"line":137,"column":8},"end":{"line":137,"column":52}},"17":{"start":{"line":138,"column":8},"end":{"line":138,"column":4688}},"18":{"start":{"line":139,"column":12},"end":{"line":139,"column":90}},"19":{"start":{"line":140,"column":12},"end":{"line":140,"column":4816}},"20":{"start":{"line":141,"column":16},"end":{"line":141,"column":56}},"21":{"start":{"line":142,"column":16},"end":{"line":142,"column":63}},"22":{"start":{"line":146,"column":8},"end":{"line":146,"column":67}},"23":{"start":{"line":153,"column":8},"end":{"line":153,"column":47}},"24":{"start":{"line":157,"column":8},"end":{"line":157,"column":52}},"25":{"start":{"line":158,"column":8},"end":{"line":158,"column":38}},"26":{"start":{"line":159,"column":8},"end":{"line":159,"column":55}},"27":{"start":{"line":160,"column":8},"end":{"line":160,"column":26}},"28":{"start":{"line":162,"column":8},"end":{"line":162,"column":86}},"29":{"start":{"line":164,"column":8},"end":{"line":164,"column":23}},"30":{"start":{"line":165,"column":8},"end":{"line":165,"column":5655}},"31":{"start":{"line":175,"column":8},"end":{"line":175,"column":58}},"32":{"start":{"line":176,"column":8},"end":{"line":176,"column":6133}},"33":{"start":{"line":177,"column":12},"end":{"line":177,"column":51}},"34":{"start":{"line":180,"column":8},"end":{"line":180,"column":6237}},"35":{"start":{"line":181,"column":12},"end":{"line":181,"column":52}},"36":{"start":{"line":182,"column":12},"end":{"line":182,"column":59}},"37":{"start":{"line":185,"column":8},"end":{"line":185,"column":59}},"38":{"start":{"line":189,"column":8},"end":{"line":189,"column":46}},"39":{"start":{"line":190,"column":8},"end":{"line":190,"column":33}},"40":{"start":{"line":191,"column":8},"end":{"line":191,"column":44}},"41":{"start":{"line":197,"column":8},"end":{"line":197,"column":42}},"42":{"start":{"line":199,"column":8},"end":{"line":199,"column":52}},"43":{"start":{"line":204,"column":8},"end":{"line":204,"column":38}},"44":{"start":{"line":205,"column":8},"end":{"line":205,"column":55}},"45":{"start":{"line":205,"column":49},"end":{"line":205,"column":55}},"46":{"start":{"line":206,"column":8},"end":{"line":206,"column":7110}},"47":{"start":{"line":208,"column":12},"end":{"line":208,"column":18}},"48":{"start":{"line":210,"column":8},"end":{"line":210,"column":61}},"49":{"start":{"line":211,"column":8},"end":{"line":211,"column":50}},"50":{"start":{"line":218,"column":8},"end":{"line":218,"column":38}},"51":{"start":{"line":219,"column":8},"end":{"line":219,"column":46}},"52":{"start":{"line":221,"column":8},"end":{"line":221,"column":55}},"53":{"start":{"line":222,"column":8},"end":{"line":222,"column":7741}},"54":{"start":{"line":223,"column":12},"end":{"line":223,"column":63}},"55":{"start":{"line":224,"column":12},"end":{"line":224,"column":52}},"56":{"start":{"line":227,"column":8},"end":{"line":227,"column":73}},"57":{"start":{"line":231,"column":8},"end":{"line":231,"column":40}},"58":{"start":{"line":235,"column":8},"end":{"line":235,"column":46}},"59":{"start":{"line":239,"column":8},"end":{"line":239,"column":38}},"60":{"start":{"line":240,"column":8},"end":{"line":240,"column":90}},"61":{"start":{"line":245,"column":8},"end":{"line":245,"column":15}},"62":{"start":{"line":249,"column":8},"end":{"line":249,"column":17}}},"branchMap":{"1":{"line":69,"type":"if","locations":[{"start":{"line":69,"column":13},"end":{"line":69,"column":13}},{"start":{"line":69,"column":13},"end":{"line":69,"column":13}}]},"2":{"line":84,"type":"if","locations":[{"start":{"line":84,"column":66},"end":{"line":84,"column":66}},{"start":{"line":84,"column":66},"end":{"line":84,"column":66}}]},"3":{"line":93,"type":"if","locations":[{"start":{"line":93,"column":15},"end":{"line":93,"column":15}},{"start":{"line":93,"column":15},"end":{"line":93,"column":15}}]},"4":{"line":115,"type":"if","locations":[{"start":{"line":115,"column":15},"end":{"line":115,"column":15}},{"start":{"line":115,"column":15},"end":{"line":115,"column":15}}]},"5":{"line":116,"type":"if","locations":[{"start":{"line":116,"column":8},"end":{"line":116,"column":8}},{"start":{"line":116,"column":8},"end":{"line":116,"column":8}}]},"6":{"line":128,"type":"if","locations":[{"start":{"line":128,"column":60},"end":{"line":128,"column":60}},{"start":{"line":128,"column":60},"end":{"line":128,"column":60}}]},"7":{"line":128,"type":"if","locations":[{"start":{"line":128,"column":73},"end":{"line":128,"column":73}},{"start":{"line":128,"column":73},"end":{"line":128,"column":73}}]},"8":{"line":130,"type":"if","locations":[{"start":{"line":130,"column":8},"end":{"line":130,"column":8}},{"start":{"line":130,"column":8},"end":{"line":130,"column":8}}]},"9":{"line":131,"type":"if","locations":[{"start":{"line":131,"column":8},"end":{"line":131,"column":8}},{"start":{"line":131,"column":8},"end":{"line":131,"column":8}}]},"10":{"line":138,"type":"if","locations":[{"start":{"line":138,"column":8},"end":{"line":138,"column":8}},{"start":{"line":138,"column":8},"end":{"line":138,"column":8}}]},"11":{"line":140,"type":"if","locations":[{"start":{"line":140,"column":12},"end":{"line":140,"column":12}},{"start":{"line":140,"column":12},"end":{"line":140,"column":12}}]},"12":{"line":156,"type":"if","locations":[{"start":{"line":156,"column":63},"end":{"line":156,"column":63}},{"start":{"line":156,"column":63},"end":{"line":156,"column":63}}]},"13":{"line":159,"type":"if","locations":[{"start":{"line":159,"column":8},"end":{"line":159,"column":8}},{"start":{"line":159,"column":8},"end":{"line":159,"column":8}}]},"14":{"line":165,"type":"if","locations":[{"start":{"line":165,"column":8},"end":{"line":165,"column":8}},{"start":{"line":165,"column":8},"end":{"line":165,"column":8}}]},"15":{"line":176,"type":"if","locations":[{"start":{"line":176,"column":8},"end":{"line":176,"column":8}},{"start":{"line":176,"column":8},"end":{"line":176,"column":8}}]},"16":{"line":180,"type":"if","locations":[{"start":{"line":180,"column":8},"end":{"line":180,"column":8}},{"start":{"line":180,"column":8},"end":{"line":180,"column":8}}]},"17":{"line":188,"type":"if","locations":[{"start":{"line":188,"column":70},"end":{"line":188,"column":70}},{"start":{"line":188,"column":70},"end":{"line":188,"column":70}}]},"18":{"line":188,"type":"if","locations":[{"start":{"line":188,"column":83},"end":{"line":188,"column":83}},{"start":{"line":188,"column":83},"end":{"line":188,"column":83}}]},"19":{"line":191,"type":"if","locations":[{"start":{"line":191,"column":8},"end":{"line":191,"column":8}},{"start":{"line":191,"column":8},"end":{"line":191,"column":8}}]},"20":{"line":205,"type":"if","locations":[{"start":{"line":205,"column":8},"end":{"line":205,"column":8}},{"start":{"line":205,"column":8},"end":{"line":205,"column":8}}]},"21":{"line":206,"type":"if","locations":[{"start":{"line":206,"column":8},"end":{"line":206,"column":8}},{"start":{"line":206,"column":8},"end":{"line":206,"column":8}}]},"22":{"line":222,"type":"if","locations":[{"start":{"line":222,"column":8},"end":{"line":222,"column":8}},{"start":{"line":222,"column":8},"end":{"line":222,"column":8}}]},"23":{"line":244,"type":"if","locations":[{"start":{"line":244,"column":30},"end":{"line":244,"column":30}},{"start":{"line":244,"column":30},"end":{"line":244,"column":30}}]},"24":{"line":248,"type":"if","locations":[{"start":{"line":248,"column":32},"end":{"line":248,"column":32}},{"start":{"line":248,"column":32},"end":{"line":248,"column":32}}]}}},
"contracts/BarinToken.sol":{"l":{"14":0},"path":"/home/incredible/Projects/Barin/Barin-Contracts/contracts/BarinToken.sol","s":{"1":0},"b":{},"f":{"1":0},"fnMap":{"1":{"name":"constructor","line":13,"loc":{"start":{"line":13,"column":4},"end":{"line":15,"column":4}}}},"statementMap":{"1":{"start":{"line":14,"column":8},"end":{"line":14,"column":58}}},"branchMap":{}},
"contracts/BarinVesting.sol":{"l":{"57":2,"58":0,"77":1,"90":2,"91":11,"97":8,"100":1,"101":7,"121":7,"122":6,"124":6,"125":6,"129":0,"130":9,"131":9,"132":0,"135":9,"138":9,"142":9,"152":9,"154":9,"161":9,"163":9,"164":3,"167":6,"168":6,"169":6,"170":1,"173":2,"174":2,"175":2,"178":2,"179":2,"181":2,"183":0,"190":2,"191":2,"192":2,"193":1,"194":1,"195":1,"204":1,"206":1,"207":0,"210":1,"211":1,"213":1,"214":1,"217":1,"219":0,"220":14,"221":14,"229":14,"230":14,"231":1,"238":13,"239":8,"241":1,"242":1,"243":1,"245":1,"246":2,"248":1,"253":1,"257":0,"261":0,"265":0,"272":0,"273":0},"path":"/home/incredible/Projects/Barin/Barin-Contracts/contracts/BarinVesting.sol","s":{"1":0,"2":1,"3":11,"4":11,"5":1,"6":7,"7":7,"8":6,"9":0,"10":9,"11":9,"12":9,"13":9,"14":9,"15":9,"16":6,"17":6,"18":6,"19":2,"20":2,"21":2,"22":0,"23":2,"24":2,"25":1,"26":1,"27":1,"28":1,"29":1,"30":1,"31":1,"32":1,"33":14,"34":14,"35":0,"36":14,"37":14,"38":1,"39":8,"40":8,"41":5,"42":1,"43":1,"44":1,"45":2,"46":0,"47":1,"48":1,"49":0,"50":0,"51":0,"52":0,"53":0},"b":{"1":[0,0],"2":[0,0],"3":[0,0],"4":[8,8],"5":[1,1],"6":[1,3],"7":[1,3],"8":[6,6],"9":[7,1],"10":[7,1],"11":[6,6],"12":[9,0],"13":[0,0],"14":[3,6],"15":[1,1],"16":[2,2],"17":[1,1],"18":[0,0],"19":[1,1],"20":[14,0],"21":[13,1],"22":[5,5],"23":[1,1],"24":[2,0],"25":[0,0]},"f":{"1":2,"2":1,"3":2,"4":7,"5":9,"6":0,"7":1,"8":14,"9":13,"10":1,"11":0,"12":0,"13":0,"14":0},"fnMap":{"1":{"name":"constructor","line":56,"loc":{"start":{"line":56,"column":4},"end":{"line":60,"column":4}}},"2":{"name":"createVestingSchedule","line":76,"loc":{"start":{"line":70,"column":4},"end":{"line":78,"column":4}}},"3":{"name":"batchCreateSchedules","line":89,"loc":{"start":{"line":83,"column":4},"end":{"line":109,"column":4}}},"4":{"name":"_createVestingSchedule","line":114,"loc":{"start":{"line":114,"column":4},"end":{"line":155,"column":4}}},"5":{"name":"release","line":160,"loc":{"start":{"line":160,"column":4},"end":{"line":184,"column":4}}},"6":{"name":"batchRelease","line":189,"loc":{"start":{"line":189,"column":4},"end":{"line":198,"column":4}}},"7":{"name":"revoke","line":203,"loc":{"start":{"line":203,"column":4},"end":{"line":223,"column":4}}},"8":{"name":"_releasableAmount","line":228,"loc":{"start":{"line":228,"column":4},"end":{"line":232,"column":4}}},"9":{"name":"_vestedAmount","line":237,"loc":{"start":{"line":237,"column":4},"end":{"line":249,"column":4}}},"10":{"name":"getSchedule","line":252,"loc":{"start":{"line":252,"column":4},"end":{"line":254,"column":4}}},"11":{"name":"releasableAmount","line":256,"loc":{"start":{"line":256,"column":4},"end":{"line":258,"column":4}}},"12":{"name":"vestedAmount","line":260,"loc":{"start":{"line":260,"column":4},"end":{"line":262,"column":4}}},"13":{"name":"getBeneficiarySchedules","line":264,"loc":{"start":{"line":264,"column":4},"end":{"line":266,"column":4}}},"14":{"name":"emergencyWithdraw","line":271,"loc":{"start":{"line":271,"column":4},"end":{"line":274,"column":4}}}},"statementMap":{"1":{"start":{"line":57,"column":8},"end":{"line":57,"column":58}},"2":{"start":{"line":77,"column":8},"end":{"line":77,"column":106}},"3":{"start":{"line":90,"column":8},"end":{"line":90,"column":45}},"4":{"start":{"line":91,"column":8},"end":{"line":91,"column":3498}},"5":{"start":{"line":100,"column":8},"end":{"line":100,"column":3748}},"6":{"start":{"line":101,"column":12},"end":{"line":101,"column":3803}},"7":{"start":{"line":121,"column":8},"end":{"line":121,"column":4328}},"8":{"start":{"line":124,"column":8},"end":{"line":124,"column":4461}},"9":{"start":{"line":129,"column":8},"end":{"line":129,"column":55}},"10":{"start":{"line":130,"column":8},"end":{"line":130,"column":65}},"11":{"start":{"line":131,"column":8},"end":{"line":131,"column":4765}},"12":{"start":{"line":152,"column":8},"end":{"line":152,"column":58}},"13":{"start":{"line":154,"column":8},"end":{"line":154,"column":73}},"14":{"start":{"line":161,"column":8},"end":{"line":161,"column":65}},"15":{"start":{"line":163,"column":8},"end":{"line":163,"column":5774}},"16":{"start":{"line":167,"column":8},"end":{"line":167,"column":50}},"17":{"start":{"line":168,"column":8},"end":{"line":168,"column":52}},"18":{"start":{"line":169,"column":8},"end":{"line":169,"column":6003}},"19":{"start":{"line":173,"column":8},"end":{"line":173,"column":47}},"20":{"start":{"line":174,"column":8},"end":{"line":174,"column":6129}},"21":{"start":{"line":181,"column":8},"end":{"line":181,"column":59}},"22":{"start":{"line":183,"column":8},"end":{"line":183,"column":73}},"23":{"start":{"line":190,"column":8},"end":{"line":190,"column":6587}},"24":{"start":{"line":191,"column":12},"end":{"line":191,"column":40}},"25":{"start":{"line":192,"column":12},"end":{"line":192,"column":47}},"26":{"start":{"line":193,"column":12},"end":{"line":193,"column":63}},"27":{"start":{"line":194,"column":12},"end":{"line":194,"column":6810}},"28":{"start":{"line":195,"column":16},"end":{"line":195,"column":27}},"29":{"start":{"line":204,"column":8},"end":{"line":204,"column":65}},"30":{"start":{"line":206,"column":8},"end":{"line":206,"column":7099}},"31":{"start":{"line":210,"column":8},"end":{"line":210,"column":50}},"32":{"start":{"line":211,"column":8},"end":{"line":211,"column":62}},"33":{"start":{"line":219,"column":8},"end":{"line":219,"column":7467}},"34":{"start":{"line":220,"column":12},"end":{"line":220,"column":54}},"35":{"start":{"line":221,"column":12},"end":{"line":221,"column":59}},"36":{"start":{"line":229,"column":8},"end":{"line":229,"column":50}},"37":{"start":{"line":230,"column":8},"end":{"line":230,"column":66}},"38":{"start":{"line":231,"column":8},"end":{"line":231,"column":60}},"39":{"start":{"line":238,"column":8},"end":{"line":238,"column":64}},"40":{"start":{"line":239,"column":8},"end":{"line":239,"column":56}},"41":{"start":{"line":239,"column":48},"end":{"line":239,"column":56}},"42":{"start":{"line":241,"column":8},"end":{"line":241,"column":62}},"43":{"start":{"line":242,"column":8},"end":{"line":242,"column":8316}},"44":{"start":{"line":243,"column":12},"end":{"line":243,"column":20}},"45":{"start":{"line":245,"column":8},"end":{"line":245,"column":8396}},"46":{"start":{"line":246,"column":12},"end":{"line":246,"column":39}},"47":{"start":{"line":248,"column":8},"end":{"line":248,"column":74}},"48":{"start":{"line":253,"column":8},"end":{"line":253,"column":37}},"49":{"start":{"line":257,"column":8},"end":{"line":257,"column":44}},"50":{"start":{"line":261,"column":8},"end":{"line":261,"column":40}},"51":{"start":{"line":265,"column":8},"end":{"line":265,"column":49}},"52":{"start":{"line":272,"column":8},"end":{"line":272,"column":57}},"53":{"start":{"line":273,"column":8},"end":{"line":273,"column":52}}},"branchMap":{"1":{"line":57,"type":"if","locations":[{"start":{"line":57,"column":8},"end":{"line":57,"column":8}},{"start":{"line":57,"column":8},"end":{"line":57,"column":8}}]},"2":{"line":76,"type":"if","locations":[{"start":{"line":76,"column":15},"end":{"line":76,"column":15}},{"start":{"line":76,"column":15},"end":{"line":76,"column":15}}]},"3":{"line":89,"type":"if","locations":[{"start":{"line":89,"column":15},"end":{"line":89,"column":15}},{"start":{"line":89,"column":15},"end":{"line":89,"column":15}}]},"4":{"line":91,"type":"if","locations":[{"start":{"line":91,"column":8},"end":{"line":91,"column":8}},{"start":{"line":91,"column":8},"end":{"line":91,"column":8}}]},"5":{"line":92,"type":"cond-expr","locations":[{"start":{"line":92,"column":12},"end":{"line":92,"column":35}},{"start":{"line":93,"column":12},"end":{"line":93,"column":42}}]},"6":{"line":92,"type":"cond-expr","locations":[{"start":{"line":92,"column":12},"end":{"line":93,"column":42}},{"start":{"line":94,"column":12},"end":{"line":94,"column":44}}]},"7":{"line":92,"type":"cond-expr","locations":[{"start":{"line":92,"column":12},"end":{"line":94,"column":44}},{"start":{"line":95,"column":12},"end":{"line":95,"column":38}}]},"8":{"line":121,"type":"if","locations":[{"start":{"line":121,"column":8},"end":{"line":121,"column":8}},{"start":{"line":121,"column":8},"end":{"line":121,"column":8}}]},"9":{"line":121,"type":"cond-expr","locations":[{"start":{"line":121,"column":12},"end":{"line":121,"column":36}},{"start":{"line":121,"column":41},"end":{"line":121,"column":56}}]},"10":{"line":121,"type":"cond-expr","locations":[{"start":{"line":121,"column":12},"end":{"line":121,"column":56}},{"start":{"line":121,"column":61},"end":{"line":121,"column":80}}]},"11":{"line":124,"type":"if","locations":[{"start":{"line":124,"column":8},"end":{"line":124,"column":8}},{"start":{"line":124,"column":8},"end":{"line":124,"column":8}}]},"12":{"line":131,"type":"if","locations":[{"start":{"line":131,"column":8},"end":{"line":131,"column":8}},{"start":{"line":131,"column":8},"end":{"line":131,"column":8}}]},"13":{"line":160,"type":"if","locations":[{"start":{"line":160,"column":48},"end":{"line":160,"column":48}},{"start":{"line":160,"column":48},"end":{"line":160,"column":48}}]},"14":{"line":163,"type":"if","locations":[{"start":{"line":163,"column":8},"end":{"line":163,"column":8}},{"start":{"line":163,"column":8},"end":{"line":163,"column":8}}]},"15":{"line":169,"type":"if","locations":[{"start":{"line":169,"column":8},"end":{"line":169,"column":8}},{"start":{"line":169,"column":8},"end":{"line":169,"column":8}}]},"16":{"line":174,"type":"if","locations":[{"start":{"line":174,"column":8},"end":{"line":174,"column":8}},{"start":{"line":174,"column":8},"end":{"line":174,"column":8}}]},"17":{"line":194,"type":"if","locations":[{"start":{"line":194,"column":12},"end":{"line":194,"column":12}},{"start":{"line":194,"column":12},"end":{"line":194,"column":12}}]},"18":{"line":203,"type":"if","locations":[{"start":{"line":203,"column":49},"end":{"line":203,"column":49}},{"start":{"line":203,"column":49},"end":{"line":203,"column":49}}]},"19":{"line":206,"type":"if","locations":[{"start":{"line":206,"column":8},"end":{"line":206,"column":8}},{"start":{"line":206,"column":8},"end":{"line":206,"column":8}}]},"20":{"line":219,"type":"if","locations":[{"start":{"line":219,"column":8},"end":{"line":219,"column":8}},{"start":{"line":219,"column":8},"end":{"line":219,"column":8}}]},"21":{"line":231,"type":"if","locations":[{"start":{"line":231,"column":36},"end":{"line":231,"column":55}},{"start":{"line":231,"column":59},"end":{"line":231,"column":59}}]},"22":{"line":239,"type":"if","locations":[{"start":{"line":239,"column":8},"end":{"line":239,"column":8}},{"start":{"line":239,"column":8},"end":{"line":239,"column":8}}]},"23":{"line":242,"type":"if","locations":[{"start":{"line":242,"column":8},"end":{"line":242,"column":8}},{"start":{"line":242,"column":8},"end":{"line":242,"column":8}}]},"24":{"line":245,"type":"if","locations":[{"start":{"line":245,"column":8},"end":{"line":245,"column":8}},{"start":{"line":245,"column":8},"end":{"line":245,"column":8}}]},"25":{"line":271,"type":"if","locations":[{"start":{"line":271,"column":78},"end":{"line":271,"column":78}},{"start":{"line":271,"column":78},"end":{"line":271,"column":78}}]}}},
"contracts/mocks/MockERC20.sol":{"l":{"14":0},"path":"/home/incredible/Projects/Barin/Barin-Contracts/contracts/mocks/MockERC20.sol","s":{"1":0},"b":{},"f":{"1":0,"2":0},"fnMap":{"1":{"name":"constructor","line":12,"loc":{"start":{"line":12,"column":4},"end":{"line":12,"column":48}}},"2":{"name":"mint","line":13,"loc":{"start":{"line":13,"column":4},"end":{"line":15,"column":4}}}},"statementMap":{"1":{"start":{"line":14,"column":8},"end":{"line":14,"column":30}}},"branchMap":{}}}
