TN:
SF:/home/incredible/Projects/Barin/Barin-Contracts/contracts/BarinStaking.sol
FN:69,initialize
FN:84,_authorizeUpgrade
FN:92,addPool
FN:112,updatePool
FN:124,stake
FN:152,withdraw
FN:184,emergencyWithdraw
FN:199,_updatePool
FN:213,pendingRewards
FN:226,getTVL
FN:230,getUnlockTime
FN:234,previewPenalty
FN:240,pause
FN:244,unpause
FNF:14
FNH:13
FNDA:31,initialize
FNDA:0,_authorizeUpgrade
FNDA:29,addPool
FNDA:5,updatePool
FNDA:20,stake
FNDA:6,withdraw
FNDA:4,emergencyWithdraw
FNDA:26,_updatePool
FNDA:3,pendingRewards
FNDA:1,getTVL
FNDA:2,getUnlockTime
FNDA:1,previewPenalty
FNDA:1,pause
FNDA:1,unpause
DA:70,31
DA:71,31
DA:72,31
DA:73,31
DA:75,31
DA:76,31
DA:78,31
DA:79,31
DA:80,31
DA:93,29
DA:103,29
DA:104,29
DA:113,5
DA:114,4
DA:116,4
DA:117,4
DA:118,4
DA:119,4
DA:120,4
DA:125,20
DA:126,20
DA:127,19
DA:131,18
DA:133,18
DA:134,18
DA:135,2
DA:136,2
DA:137,2
DA:138,2
DA:142,18
DA:144,18
DA:145,18
DA:146,18
DA:148,18
DA:149,18
DA:153,6
DA:154,6
DA:155,6
DA:156,4
DA:158,4
DA:160,4
DA:161,4
DA:163,2
DA:164,2
DA:167,4
DA:168,4
DA:169,4
DA:171,4
DA:172,4
DA:173,0
DA:176,4
DA:177,2
DA:178,2
DA:181,4
DA:185,4
DA:186,4
DA:187,4
DA:189,2
DA:190,2
DA:191,2
DA:193,2
DA:195,2
DA:200,26
DA:201,26
DA:202,26
DA:203,18
DA:204,18
DA:206,8
DA:207,8
DA:208,8
DA:209,8
DA:214,3
DA:215,3
DA:217,3
DA:218,3
DA:219,2
DA:220,2
DA:221,2
DA:223,3
DA:227,1
DA:231,2
DA:235,1
DA:236,1
DA:241,1
DA:245,1
LF:85
LH:84
BRDA:69,1,0,31
BRDA:69,1,1,1
BRDA:84,2,0,0
BRDA:84,2,1,0
BRDA:92,3,0,29
BRDA:92,3,1,1
BRDA:112,4,0,5
BRDA:112,4,1,0
BRDA:113,5,0,4
BRDA:113,5,1,1
BRDA:124,6,0,21
BRDA:124,6,1,0
BRDA:124,7,0,20
BRDA:124,7,1,1
BRDA:126,8,0,19
BRDA:126,8,1,1
BRDA:127,9,0,18
BRDA:127,9,1,1
BRDA:134,10,0,2
BRDA:134,10,1,16
BRDA:136,11,0,2
BRDA:136,11,1,0
BRDA:152,12,0,6
BRDA:152,12,1,0
BRDA:155,13,0,4
BRDA:155,13,1,2
BRDA:161,14,0,2
BRDA:161,14,1,2
BRDA:172,15,0,0
BRDA:172,15,1,4
BRDA:176,16,0,2
BRDA:176,16,1,2
BRDA:184,17,0,4
BRDA:184,17,1,0
BRDA:184,18,0,4
BRDA:184,18,1,0
BRDA:187,19,0,2
BRDA:187,19,1,2
BRDA:201,20,0,0
BRDA:201,20,1,26
BRDA:202,21,0,18
BRDA:202,21,1,8
BRDA:218,22,0,2
BRDA:218,22,1,1
BRDA:240,23,0,1
BRDA:240,23,1,1
BRDA:244,24,0,1
BRDA:244,24,1,1
BRF:48
BRH:38
end_of_record
TN:
SF:/home/incredible/Projects/Barin/Barin-Contracts/contracts/BarinToken.sol
FN:13,constructor
FNF:1
FNH:1
FNDA:9,constructor
DA:14,9
LF:1
LH:1
BRF:0
BRH:0
end_of_record
TN:
SF:/home/incredible/Projects/Barin/Barin-Contracts/contracts/BarinVesting.sol
FN:56,constructor
FN:76,createVestingSchedule
FN:89,batchCreateSchedules
FN:114,_createVestingSchedule
FN:160,release
FN:189,batchRelease
FN:203,revoke
FN:228,_releasableAmount
FN:237,_vestedAmount
FN:252,getSchedule
FN:256,releasableAmount
FN:260,vestedAmount
FN:264,getBeneficiarySchedules
FN:271,emergencyWithdraw
FNF:14
FNH:14
FNDA:9,constructor
FNDA:9,createVestingSchedule
FNDA:2,batchCreateSchedules
FNDA:11,_createVestingSchedule
FNDA:9,release
FNDA:1,batchRelease
FNDA:2,revoke
FNDA:1,_releasableAmount
FNDA:14,_vestedAmount
FNDA:1,getSchedule
FNDA:1,releasableAmount
FNDA:1,vestedAmount
FNDA:2,getBeneficiarySchedules
FNDA:1,emergencyWithdraw
DA:57,9
DA:58,8
DA:77,9
DA:90,2
DA:91,2
DA:97,1
DA:100,1
DA:101,2
DA:121,11
DA:122,3
DA:124,8
DA:125,1
DA:129,7
DA:130,7
DA:131,7
DA:132,1
DA:135,6
DA:138,6
DA:142,6
DA:152,6
DA:154,6
DA:161,9
DA:163,9
DA:164,0
DA:167,9
DA:168,9
DA:169,9
DA:170,0
DA:173,9
DA:174,9
DA:175,3
DA:178,6
DA:179,6
DA:181,6
DA:183,6
DA:190,1
DA:191,2
DA:192,2
DA:193,2
DA:194,2
DA:195,2
DA:204,2
DA:206,2
DA:207,1
DA:210,1
DA:211,1
DA:213,1
DA:214,1
DA:217,1
DA:219,1
DA:220,1
DA:221,1
DA:229,1
DA:230,1
DA:231,1
DA:238,14
DA:239,14
DA:241,14
DA:242,14
DA:243,1
DA:245,13
DA:246,8
DA:248,5
DA:253,1
DA:257,1
DA:261,1
DA:265,2
DA:272,1
DA:273,1
LF:69
LH:67
BRDA:57,1,0,1
BRDA:57,1,1,8
BRDA:76,2,0,9
BRDA:76,2,1,1
BRDA:89,3,0,2
BRDA:89,3,1,1
BRDA:91,4,0,1
BRDA:91,4,1,1
BRDA:92,5,0,0
BRDA:92,5,1,0
BRDA:92,6,0,0
BRDA:92,6,1,0
BRDA:92,7,0,0
BRDA:92,7,1,1
BRDA:121,8,0,3
BRDA:121,8,1,8
BRDA:121,9,0,1
BRDA:121,9,1,1
BRDA:121,10,0,1
BRDA:121,10,1,1
BRDA:124,11,0,1
BRDA:124,11,1,7
BRDA:131,12,0,1
BRDA:131,12,1,6
BRDA:160,13,0,9
BRDA:160,13,1,0
BRDA:163,14,0,0
BRDA:163,14,1,9
BRDA:169,15,0,0
BRDA:169,15,1,9
BRDA:174,16,0,3
BRDA:174,16,1,6
BRDA:194,17,0,2
BRDA:194,17,1,0
BRDA:203,18,0,2
BRDA:203,18,1,0
BRDA:206,19,0,1
BRDA:206,19,1,1
BRDA:219,20,0,1
BRDA:219,20,1,0
BRDA:231,21,0,0
BRDA:231,21,1,1
BRDA:239,22,0,0
BRDA:239,22,1,14
BRDA:242,23,0,1
BRDA:242,23,1,13
BRDA:245,24,0,8
BRDA:245,24,1,5
BRDA:271,25,0,1
BRDA:271,25,1,1
BRF:50
BRH:37
end_of_record
TN:
SF:/home/incredible/Projects/Barin/Barin-Contracts/contracts/mocks/MockERC20.sol
FN:12,constructor
FN:13,mint
FNF:2
FNH:2
FNDA:62,constructor
FNDA:93,mint
DA:14,93
LF:1
LH:1
BRF:0
BRH:0
end_of_record
